This file contains any messages produced by compilers while
running configure, to aid debugging if configure makes a mistake.

It was created by chadwick configure 0.10.0, which was
generated by GNU Autoconf 2.71.  Invocation command line was

  $ ./configure

## --------- ##
## Platform. ##
## --------- ##

hostname = DESKTOP-4LQHI2Q
uname -m = x86_64
uname -r = 5.15.90.1-microsoft-standard-WSL2
uname -s = Linux
uname -v = #1 SMP Fri Jan 27 02:56:13 UTC 2023

/usr/bin/uname -p = x86_64
/bin/uname -X     = unknown

/bin/arch              = x86_64
/usr/bin/arch -k       = unknown
/usr/convex/getsysinfo = unknown
/usr/bin/hostinfo      = unknown
/bin/machine           = unknown
/usr/bin/oslevel       = unknown
/bin/universe          = unknown

PATH: /usr/local/sbin/
PATH: /usr/local/bin/
PATH: /usr/sbin/
PATH: /usr/bin/
PATH: /sbin/
PATH: /bin/
PATH: /snap/bin/


## ----------- ##
## Core tests. ##
## ----------- ##

configure:2461: looking for aux files: config.guess config.sub ltmain.sh compile missing install-sh
configure:2474:  trying ./
configure:2503:   ./config.guess found
configure:2503:   ./config.sub found
configure:2503:   ./ltmain.sh found
configure:2503:   ./compile found
configure:2503:   ./missing found
configure:2485:   ./install-sh found
configure:2634: checking for a BSD-compatible install
configure:2707: result: /usr/bin/install -c
configure:2718: checking whether build environment is sane
configure:2773: result: yes
configure:2808: WARNING: 'missing' script is too old or missing
configure:2932: checking for a race-free mkdir -p
configure:2976: result: /usr/bin/mkdir -p
configure:2983: checking for gawk
configure:3004: found /usr/bin/gawk
configure:3015: result: gawk
configure:3026: checking whether make sets $(MAKE)
configure:3049: result: yes
configure:3079: checking whether make supports nested variables
configure:3097: result: yes
configure:3282: checking for gcc
configure:3303: found /usr/bin/gcc
configure:3314: result: gcc
configure:3667: checking for C compiler version
configure:3676: gcc --version >&5
gcc (Ubuntu 11.3.0-1ubuntu1~22.04) 11.3.0
Copyright (C) 2021 Free Software Foundation, Inc.
This is free software; see the source for copying conditions.  There is NO
warranty; not even for MERCHANTABILITY or FITNESS FOR A PARTICULAR PURPOSE.

configure:3687: $? = 0
configure:3676: gcc -v >&5
Using built-in specs.
COLLECT_GCC=gcc
COLLECT_LTO_WRAPPER=/usr/lib/gcc/x86_64-linux-gnu/11/lto-wrapper
OFFLOAD_TARGET_NAMES=nvptx-none:amdgcn-amdhsa
OFFLOAD_TARGET_DEFAULT=1
Target: x86_64-linux-gnu
Configured with: ../src/configure -v --with-pkgversion='Ubuntu 11.3.0-1ubuntu1~22.04' --with-bugurl=file:///usr/share/doc/gcc-11/README.Bugs --enable-languages=c,ada,c++,go,brig,d,fortran,objc,obj-c++,m2 --prefix=/usr --with-gcc-major-version-only --program-suffix=-11 --program-prefix=x86_64-linux-gnu- --enable-shared --enable-linker-build-id --libexecdir=/usr/lib --without-included-gettext --enable-threads=posix --libdir=/usr/lib --enable-nls --enable-bootstrap --enable-clocale=gnu --enable-libstdcxx-debug --enable-libstdcxx-time=yes --with-default-libstdcxx-abi=new --enable-gnu-unique-object --disable-vtable-verify --enable-plugin --enable-default-pie --with-system-zlib --enable-libphobos-checking=release --with-target-system-zlib=auto --enable-objc-gc=auto --enable-multiarch --disable-werror --enable-cet --with-arch-32=i686 --with-abi=m64 --with-multilib-list=m32,m64,mx32 --enable-multilib --with-tune=generic --enable-offload-targets=nvptx-none=/build/gcc-11-xKiWfi/gcc-11-11.3.0/debian/tmp-nvptx/usr,amdgcn-amdhsa=/build/gcc-11-xKiWfi/gcc-11-11.3.0/debian/tmp-gcn/usr --without-cuda-driver --enable-checking=release --build=x86_64-linux-gnu --host=x86_64-linux-gnu --target=x86_64-linux-gnu --with-build-config=bootstrap-lto-lean --enable-link-serialization=2
Thread model: posix
Supported LTO compression algorithms: zlib zstd
gcc version 11.3.0 (Ubuntu 11.3.0-1ubuntu1~22.04) 
... rest of stderr output deleted ...
configure:3687: $? = 0
configure:3676: gcc -V >&5
gcc: error: unrecognized command-line option '-V'
gcc: fatal error: no input files
compilation terminated.
configure:3687: $? = 1
configure:3676: gcc -qversion >&5
gcc: error: unrecognized command-line option '-qversion'; did you mean '--version'?
gcc: fatal error: no input files
compilation terminated.
configure:3687: $? = 1
configure:3676: gcc -version >&5
gcc: error: unrecognized command-line option '-version'
gcc: fatal error: no input files
compilation terminated.
configure:3687: $? = 1
configure:3707: checking whether the C compiler works
configure:3729: gcc    conftest.c  >&5
configure:3733: $? = 0
configure:3783: result: yes
configure:3786: checking for C compiler default output file name
configure:3788: result: a.out
configure:3794: checking for suffix of executables
configure:3801: gcc -o conftest    conftest.c  >&5
configure:3805: $? = 0
configure:3828: result: 
configure:3850: checking whether we are cross compiling
configure:3858: gcc -o conftest    conftest.c  >&5
configure:3862: $? = 0
configure:3869: ./conftest
configure:3873: $? = 0
configure:3888: result: no
configure:3893: checking for suffix of object files
configure:3916: gcc -c   conftest.c >&5
configure:3920: $? = 0
configure:3942: result: o
configure:3946: checking whether the compiler supports GNU C
configure:3966: gcc -c   conftest.c >&5
configure:3966: $? = 0
configure:3976: result: yes
configure:3987: checking whether gcc accepts -g
configure:4008: gcc -c -g  conftest.c >&5
configure:4008: $? = 0
configure:4052: result: yes
configure:4072: checking for gcc option to enable C11 features
configure:4087: gcc  -c -g -O2  conftest.c >&5
configure:4087: $? = 0
configure:4105: result: none needed
configure:4221: checking whether gcc understands -c and -o together
configure:4244: gcc -c conftest.c -o conftest2.o
configure:4247: $? = 0
configure:4244: gcc -c conftest.c -o conftest2.o
configure:4247: $? = 0
configure:4259: result: yes
configure:4279: checking whether make supports the include directive
configure:4294: make -f confmf.GNU && cat confinc.out
this is the am__doit target
configure:4297: $? = 0
configure:4316: result: yes (GNU style)
configure:4342: checking dependency style of gcc
configure:4454: result: gcc3
configure:4501: checking build system type
configure:4516: result: x86_64-pc-linux-gnu
configure:4536: checking host system type
configure:4550: result: x86_64-pc-linux-gnu
configure:4591: checking how to print strings
configure:4618: result: printf
configure:4639: checking for a sed that does not truncate output
configure:4709: result: /usr/bin/sed
configure:4727: checking for grep that handles long lines and -e
configure:4791: result: /usr/bin/grep
configure:4796: checking for egrep
configure:4864: result: /usr/bin/grep -E
configure:4869: checking for fgrep
configure:4937: result: /usr/bin/grep -F
configure:4973: checking for ld used by gcc
configure:5041: result: /usr/bin/ld
configure:5048: checking if the linker (/usr/bin/ld) is GNU ld
configure:5064: result: yes
configure:5076: checking for BSD- or MS-compatible name lister (nm)
configure:5131: result: /usr/bin/nm -B
configure:5271: checking the name lister (/usr/bin/nm -B) interface
configure:5279: gcc -c -g -O2  conftest.c >&5
configure:5282: /usr/bin/nm -B "conftest.o"
configure:5285: output
0000000000000000 B some_variable
configure:5292: result: BSD nm
configure:5295: checking whether ln -s works
configure:5299: result: yes
configure:5307: checking the maximum length of command line arguments
configure:5439: result: 1572864
configure:5487: checking how to convert x86_64-pc-linux-gnu file names to x86_64-pc-linux-gnu format
configure:5528: result: func_convert_file_noop
configure:5535: checking how to convert x86_64-pc-linux-gnu file names to toolchain format
configure:5556: result: func_convert_file_noop
configure:5563: checking for /usr/bin/ld option to reload object files
configure:5571: result: -r
configure:5650: checking for file
configure:5671: found /usr/bin/file
configure:5682: result: file
configure:5758: checking for objdump
configure:5779: found /usr/bin/objdump
configure:5790: result: objdump
configure:5822: checking how to recognize dependent libraries
configure:6023: result: pass_all
configure:6113: checking for dlltool
configure:6148: result: no
configure:6178: checking how to associate runtime and link libraries
configure:6206: result: printf %s\n
configure:6272: checking for ar
configure:6293: found /usr/bin/ar
configure:6304: result: ar
configure:6357: checking for archiver @FILE support
configure:6375: gcc -c -g -O2  conftest.c >&5
configure:6375: $? = 0
configure:6379: ar cr libconftest.a @conftest.lst >&5
configure:6382: $? = 0
configure:6387: ar cr libconftest.a @conftest.lst >&5
ar: conftest.o: No such file or directory
configure:6390: $? = 1
configure:6402: result: @
configure:6465: checking for strip
configure:6486: found /usr/bin/strip
configure:6497: result: strip
configure:6574: checking for ranlib
configure:6595: found /usr/bin/ranlib
configure:6606: result: ranlib
configure:6708: checking command to parse /usr/bin/nm -B output from gcc object
configure:6862: gcc -c -g -O2  conftest.c >&5
configure:6865: $? = 0
configure:6869: /usr/bin/nm -B conftest.o \| /usr/bin/sed -n -e 's/^.*[ ]\([ABCDGIRSTW][ABCDGIRSTW]*\)[ ][ ]*\([_A-Za-z][_A-Za-z0-9]*\)$/\1 \2 \2/p' | /usr/bin/sed '/ __gnu_lto/d' \> conftest.nm
configure:6872: $? = 0
configure:6938: gcc -o conftest -g -O2   conftest.c conftstm.o >&5
configure:6941: $? = 0
configure:6979: result: ok
configure:7026: checking for sysroot
configure:7057: result: no
configure:7064: checking for a working dd
configure:7108: result: /usr/bin/dd
configure:7112: checking how to truncate binary pipes
configure:7128: result: /usr/bin/dd bs=4096 count=1
configure:7265: gcc -c -g -O2  conftest.c >&5
configure:7268: $? = 0
configure:7465: checking for mt
configure:7486: found /usr/bin/mt
configure:7497: result: mt
configure:7520: checking if mt is a manifest tool
configure:7527: mt '-?'
configure:7535: result: no
configure:8260: checking for stdio.h
configure:8260: gcc -c -g -O2  conftest.c >&5
configure:8260: $? = 0
configure:8260: result: yes
configure:8260: checking for stdlib.h
configure:8260: gcc -c -g -O2  conftest.c >&5
configure:8260: $? = 0
configure:8260: result: yes
configure:8260: checking for string.h
configure:8260: gcc -c -g -O2  conftest.c >&5
configure:8260: $? = 0
configure:8260: result: yes
configure:8260: checking for inttypes.h
configure:8260: gcc -c -g -O2  conftest.c >&5
configure:8260: $? = 0
configure:8260: result: yes
configure:8260: checking for stdint.h
configure:8260: gcc -c -g -O2  conftest.c >&5
configure:8260: $? = 0
configure:8260: result: yes
configure:8260: checking for strings.h
configure:8260: gcc -c -g -O2  conftest.c >&5
configure:8260: $? = 0
configure:8260: result: yes
configure:8260: checking for sys/stat.h
configure:8260: gcc -c -g -O2  conftest.c >&5
configure:8260: $? = 0
configure:8260: result: yes
configure:8260: checking for sys/types.h
configure:8260: gcc -c -g -O2  conftest.c >&5
configure:8260: $? = 0
configure:8260: result: yes
configure:8260: checking for unistd.h
configure:8260: gcc -c -g -O2  conftest.c >&5
configure:8260: $? = 0
configure:8260: result: yes
configure:8285: checking for dlfcn.h
configure:8285: gcc -c -g -O2  conftest.c >&5
configure:8285: $? = 0
configure:8285: result: yes
configure:8544: checking for objdir
configure:8560: result: .libs
configure:8824: checking if gcc supports -fno-rtti -fno-exceptions
configure:8843: gcc -c -g -O2  -fno-rtti -fno-exceptions conftest.c >&5
cc1: warning: command-line option '-fno-rtti' is valid for C++/D/ObjC++ but not for C
configure:8847: $? = 0
configure:8860: result: no
configure:9218: checking for gcc option to produce PIC
configure:9226: result: -fPIC -DPIC
configure:9234: checking if gcc PIC flag -fPIC -DPIC works
configure:9253: gcc -c -g -O2  -fPIC -DPIC -DPIC conftest.c >&5
configure:9257: $? = 0
configure:9270: result: yes
configure:9299: checking if gcc static flag -static works
configure:9328: result: yes
configure:9343: checking if gcc supports -c -o file.o
configure:9365: gcc -c -g -O2  -o out/conftest2.o conftest.c >&5
configure:9369: $? = 0
configure:9391: result: yes
configure:9399: checking if gcc supports -c -o file.o
configure:9447: result: yes
configure:9480: checking whether the gcc linker (/usr/bin/ld -m elf_x86_64) supports shared libraries
configure:10748: result: yes
configure:10785: checking whether -lc should be explicitly linked in
configure:10794: gcc -c -g -O2  conftest.c >&5
configure:10797: $? = 0
configure:10812: gcc -shared  -fPIC -DPIC conftest.o  -v -Wl,-soname -Wl,conftest -o conftest 2\>\&1 \| /usr/bin/grep  -lc  \>/dev/null 2\>\&1
configure:10815: $? = 0
configure:10829: result: no
configure:10989: checking dynamic linker characteristics
configure:11571: gcc -o conftest -g -O2   -Wl,-rpath -Wl,/foo conftest.c  >&5
configure:11571: $? = 0
configure:11810: result: GNU/Linux ld.so
configure:11932: checking how to hardcode library paths into programs
configure:11957: result: immediate
configure:12509: checking whether stripping libraries is possible
configure:12518: result: yes
configure:12560: checking if libtool supports shared libraries
configure:12562: result: yes
configure:12565: checking whether to build shared libraries
configure:12590: result: yes
configure:12593: checking whether to build static libraries
configure:12597: result: yes
configure:12636: checking for dir.h
configure:12636: gcc -c -g -O2  conftest.c >&5
conftest.c:51:10: fatal error: dir.h: No such file or directory
   51 | #include <dir.h>
      |          ^~~~~~~
compilation terminated.
configure:12636: $? = 1
configure: failed program was:
| /* confdefs.h */
| #define PACKAGE_NAME "chadwick"
| #define PACKAGE_TARNAME "chadwick"
| #define PACKAGE_VERSION "0.10.0"
| #define PACKAGE_STRING "chadwick 0.10.0"
| #define PACKAGE_BUGREPORT ""
| #define PACKAGE_URL ""
| #define PACKAGE "chadwick"
| #define VERSION "0.10.0"
| #define HAVE_STDIO_H 1
| #define HAVE_STDLIB_H 1
| #define HAVE_STRING_H 1
| #define HAVE_INTTYPES_H 1
| #define HAVE_STDINT_H 1
| #define HAVE_STRINGS_H 1
| #define HAVE_SYS_STAT_H 1
| #define HAVE_SYS_TYPES_H 1
| #define HAVE_UNISTD_H 1
| #define STDC_HEADERS 1
| #define HAVE_DLFCN_H 1
| #define LT_OBJDIR ".libs/"
| /* end confdefs.h.  */
| #include <stddef.h>
| #ifdef HAVE_STDIO_H
| # include <stdio.h>
| #endif
| #ifdef HAVE_STDLIB_H
| # include <stdlib.h>
| #endif
| #ifdef HAVE_STRING_H
| # include <string.h>
| #endif
| #ifdef HAVE_INTTYPES_H
| # include <inttypes.h>
| #endif
| #ifdef HAVE_STDINT_H
| # include <stdint.h>
| #endif
| #ifdef HAVE_STRINGS_H
| # include <strings.h>
| #endif
| #ifdef HAVE_SYS_TYPES_H
| # include <sys/types.h>
| #endif
| #ifdef HAVE_SYS_STAT_H
| # include <sys/stat.h>
| #endif
| #ifdef HAVE_UNISTD_H
| # include <unistd.h>
| #endif
| #include <dir.h>
configure:12636: result: no
configure:12644: checking for struct tm.tm_gmtoff
configure:12644: gcc -c -g -O2  conftest.c >&5
configure:12644: $? = 0
configure:12644: result: yes
configure:12653: checking for gcc options needed to detect all undeclared functions
configure:12675: gcc -c -g -O2   conftest.c >&5
conftest.c: In function 'main':
conftest.c:28:8: error: 'strchr' undeclared (first use in this function)
   28 | (void) strchr;
      |        ^~~~~~
conftest.c:1:1: note: 'strchr' is defined in header '<string.h>'; did you forget to '#include <string.h>'?
    1 | /* confdefs.h */
conftest.c:28:8: note: each undeclared identifier is reported only once for each function it appears in
   28 | (void) strchr;
      |        ^~~~~~
configure:12675: $? = 1
configure: failed program was:
| /* confdefs.h */
| #define PACKAGE_NAME "chadwick"
| #define PACKAGE_TARNAME "chadwick"
| #define PACKAGE_VERSION "0.10.0"
| #define PACKAGE_STRING "chadwick 0.10.0"
| #define PACKAGE_BUGREPORT ""
| #define PACKAGE_URL ""
| #define PACKAGE "chadwick"
| #define VERSION "0.10.0"
| #define HAVE_STDIO_H 1
| #define HAVE_STDLIB_H 1
| #define HAVE_STRING_H 1
| #define HAVE_INTTYPES_H 1
| #define HAVE_STDINT_H 1
| #define HAVE_STRINGS_H 1
| #define HAVE_SYS_STAT_H 1
| #define HAVE_SYS_TYPES_H 1
| #define HAVE_UNISTD_H 1
| #define STDC_HEADERS 1
| #define HAVE_DLFCN_H 1
| #define LT_OBJDIR ".libs/"
| #define HAVE_STRUCT_TM_TM_GMTOFF 1
| /* end confdefs.h.  */
| 
| int
| main (void)
| {
| (void) strchr;
|   ;
|   return 0;
| }
configure:12702: gcc -c -g -O2   conftest.c >&5
configure:12702: $? = 0
configure:12719: result: none needed
configure:12733: checking whether _timezone is declared
configure:12733: gcc -c -g -O2   conftest.c >&5
conftest.c: In function 'main':
conftest.c:33:10: error: '_timezone' undeclared (first use in this function); did you mean 'timezone'?
   33 |   (void) _timezone;
      |          ^~~~~~~~~
      |          timezone
conftest.c:33:10: note: each undeclared identifier is reported only once for each function it appears in
configure:12733: $? = 1
configure: failed program was:
| /* confdefs.h */
| #define PACKAGE_NAME "chadwick"
| #define PACKAGE_TARNAME "chadwick"
| #define PACKAGE_VERSION "0.10.0"
| #define PACKAGE_STRING "chadwick 0.10.0"
| #define PACKAGE_BUGREPORT ""
| #define PACKAGE_URL ""
| #define PACKAGE "chadwick"
| #define VERSION "0.10.0"
| #define HAVE_STDIO_H 1
| #define HAVE_STDLIB_H 1
| #define HAVE_STRING_H 1
| #define HAVE_INTTYPES_H 1
| #define HAVE_STDINT_H 1
| #define HAVE_STRINGS_H 1
| #define HAVE_SYS_STAT_H 1
| #define HAVE_SYS_TYPES_H 1
| #define HAVE_UNISTD_H 1
| #define STDC_HEADERS 1
| #define HAVE_DLFCN_H 1
| #define LT_OBJDIR ".libs/"
| #define HAVE_STRUCT_TM_TM_GMTOFF 1
| /* end confdefs.h.  */
| #include <time.h>
| 
| int
| main (void)
| {
| #ifndef _timezone
| #ifdef __cplusplus
|   (void) _timezone;
| #else
|   (void) _timezone;
| #endif
| #endif
| 
|   ;
|   return 0;
| }
configure:12733: result: no
configure:12881: checking that generated files are newer than configure
configure:12887: result: done
configure:12910: creating ./config.status

## ---------------------- ##
## Running config.status. ##
## ---------------------- ##

This file was extended by chadwick config.status 0.10.0, which was
generated by GNU Autoconf 2.71.  Invocation command line was

  CONFIG_FILES    = 
  CONFIG_HEADERS  = 
  CONFIG_LINKS    = 
  CONFIG_COMMANDS = 
  $ ./config.status 

on DESKTOP-4LQHI2Q

config.status:1005: creating src/cwlib/Makefile
config.status:1005: creating src/cwtools/Makefile
config.status:1005: creating src/Makefile
config.status:1005: creating Makefile
config.status:1177: executing depfiles commands
config.status:1254: cd src/cwlib       && sed -e '/# am--include-marker/d' Makefile         | make -f - am--depfiles
make: Nothing to be done for 'am--depfiles'.
config.status:1259: $? = 0
config.status:1254: cd src/cwtools       && sed -e '/# am--include-marker/d' Makefile         | make -f - am--depfiles
make: Nothing to be done for 'am--depfiles'.
config.status:1259: $? = 0
config.status:1177: executing libtool commands

## ---------------- ##
## Cache variables. ##
## ---------------- ##

ac_cv_build=x86_64-pc-linux-gnu
ac_cv_c_compiler_gnu=yes
ac_cv_c_undeclared_builtin_options='none needed'
ac_cv_env_CC_set=
ac_cv_env_CC_value=
ac_cv_env_CFLAGS_set=
ac_cv_env_CFLAGS_value=
ac_cv_env_CPPFLAGS_set=
ac_cv_env_CPPFLAGS_value=
ac_cv_env_LDFLAGS_set=
ac_cv_env_LDFLAGS_value=
ac_cv_env_LIBS_set=
ac_cv_env_LIBS_value=
ac_cv_env_LT_SYS_LIBRARY_PATH_set=
ac_cv_env_LT_SYS_LIBRARY_PATH_value=
ac_cv_env_build_alias_set=
ac_cv_env_build_alias_value=
ac_cv_env_host_alias_set=
ac_cv_env_host_alias_value=
ac_cv_env_target_alias_set=
ac_cv_env_target_alias_value=
ac_cv_have_decl__timezone=no
ac_cv_header_dir_h=no
ac_cv_header_dlfcn_h=yes
ac_cv_header_inttypes_h=yes
ac_cv_header_stdint_h=yes
ac_cv_header_stdio_h=yes
ac_cv_header_stdlib_h=yes
ac_cv_header_string_h=yes
ac_cv_header_strings_h=yes
ac_cv_header_sys_stat_h=yes
ac_cv_header_sys_types_h=yes
ac_cv_header_unistd_h=yes
ac_cv_host=x86_64-pc-linux-gnu
ac_cv_member_struct_tm_tm_gmtoff=yes
ac_cv_objext=o
ac_cv_path_EGREP='/usr/bin/grep -E'
ac_cv_path_FGREP='/usr/bin/grep -F'
ac_cv_path_GREP=/usr/bin/grep
ac_cv_path_SED=/usr/bin/sed
ac_cv_path_install='/usr/bin/install -c'
ac_cv_path_lt_DD=/usr/bin/dd
ac_cv_path_mkdir=/usr/bin/mkdir
ac_cv_prog_AWK=gawk
ac_cv_prog_ac_ct_AR=ar
ac_cv_prog_ac_ct_CC=gcc
ac_cv_prog_ac_ct_FILECMD=file
ac_cv_prog_ac_ct_MANIFEST_TOOL=mt
ac_cv_prog_ac_ct_OBJDUMP=objdump
ac_cv_prog_ac_ct_RANLIB=ranlib
ac_cv_prog_ac_ct_STRIP=strip
ac_cv_prog_cc_c11=
ac_cv_prog_cc_g=yes
ac_cv_prog_cc_stdc=
ac_cv_prog_make_make_set=yes
am_cv_CC_dependencies_compiler_type=gcc3
am_cv_make_support_nested_variables=yes
am_cv_prog_cc_c_o=yes
lt_cv_ar_at_file=@
lt_cv_archive_cmds_need_lc=no
lt_cv_deplibs_check_method=pass_all
lt_cv_file_magic_cmd='$MAGIC_CMD'
lt_cv_file_magic_test_file=
lt_cv_ld_reload_flag=-r
lt_cv_nm_interface='BSD nm'
lt_cv_objdir=.libs
lt_cv_path_LD=/usr/bin/ld
lt_cv_path_NM='/usr/bin/nm -B'
lt_cv_path_mainfest_tool=no
lt_cv_prog_compiler_c_o=yes
lt_cv_prog_compiler_pic='-fPIC -DPIC'
lt_cv_prog_compiler_pic_works=yes
lt_cv_prog_compiler_rtti_exceptions=no
lt_cv_prog_compiler_static_works=yes
lt_cv_prog_gnu_ld=yes
lt_cv_sharedlib_from_linklib_cmd='printf %s\n'
lt_cv_shlibpath_overrides_runpath=yes
lt_cv_sys_global_symbol_pipe='/usr/bin/sed -n -e '\''s/^.*[	 ]\([ABCDGIRSTW][ABCDGIRSTW]*\)[	 ][	 ]*\([_A-Za-z][_A-Za-z0-9]*\)$/\1 \2 \2/p'\'' | /usr/bin/sed '\''/ __gnu_lto/d'\'''
lt_cv_sys_global_symbol_to_c_name_address='/usr/bin/sed -n -e '\''s/^: \(.*\) .*$/  {"\1", (void *) 0},/p'\'' -e '\''s/^[ABCDGIRSTW][ABCDGIRSTW]* .* \(.*\)$/  {"\1", (void *) \&\1},/p'\'''
lt_cv_sys_global_symbol_to_c_name_address_lib_prefix='/usr/bin/sed -n -e '\''s/^: \(.*\) .*$/  {"\1", (void *) 0},/p'\'' -e '\''s/^[ABCDGIRSTW][ABCDGIRSTW]* .* \(lib.*\)$/  {"\1", (void *) \&\1},/p'\'' -e '\''s/^[ABCDGIRSTW][ABCDGIRSTW]* .* \(.*\)$/  {"lib\1", (void *) \&\1},/p'\'''
lt_cv_sys_global_symbol_to_cdecl='/usr/bin/sed -n -e '\''s/^T .* \(.*\)$/extern int \1();/p'\'' -e '\''s/^[ABCDGIRSTW][ABCDGIRSTW]* .* \(.*\)$/extern char \1;/p'\'''
lt_cv_sys_global_symbol_to_import=
lt_cv_sys_max_cmd_len=1572864
lt_cv_to_host_file_cmd=func_convert_file_noop
lt_cv_to_tool_file_cmd=func_convert_file_noop
lt_cv_truncate_bin='/usr/bin/dd bs=4096 count=1'

## ----------------- ##
## Output variables. ##
## ----------------- ##

ACLOCAL='aclocal-1.16'
AMDEPBACKSLASH='\'
AMDEP_FALSE='#'
AMDEP_TRUE=''
AMTAR='$${TAR-tar}'
AM_BACKSLASH='\'
AM_DEFAULT_V='$(AM_DEFAULT_VERBOSITY)'
AM_DEFAULT_VERBOSITY='1'
AM_V='$(V)'
AR='ar'
AUTOCONF='autoconf'
AUTOHEADER='autoheader'
AUTOMAKE='automake-1.16'
AWK='gawk'
CC='gcc'
CCDEPMODE='depmode=gcc3'
CFLAGS='-g -O2'
CPPFLAGS=''
CYGPATH_W='echo'
DEFS='-DPACKAGE_NAME=\"chadwick\" -DPACKAGE_TARNAME=\"chadwick\" -DPACKAGE_VERSION=\"0.10.0\" -DPACKAGE_STRING=\"chadwick\ 0.10.0\" -DPACKAGE_BUGREPORT=\"\" -DPACKAGE_URL=\"\" -DPACKAGE=\"chadwick\" -DVERSION=\"0.10.0\" -DHAVE_STDIO_H=1 -DHAVE_STDLIB_H=1 -DHAVE_STRING_H=1 -DHAVE_INTTYPES_H=1 -DHAVE_STDINT_H=1 -DHAVE_STRINGS_H=1 -DHAVE_SYS_STAT_H=1 -DHAVE_SYS_TYPES_H=1 -DHAVE_UNISTD_H=1 -DSTDC_HEADERS=1 -DHAVE_DLFCN_H=1 -DLT_OBJDIR=\".libs/\" -DHAVE_STRUCT_TM_TM_GMTOFF=1'
DEPDIR='.deps'
DLLTOOL='false'
DSYMUTIL=''
DUMPBIN=''
ECHO_C=''
ECHO_N='-n'
ECHO_T=''
EGREP='/usr/bin/grep -E'
EXEEXT=''
FGREP='/usr/bin/grep -F'
FILECMD='file'
GREP='/usr/bin/grep'
INSTALL_DATA='${INSTALL} -m 644'
INSTALL_PROGRAM='${INSTALL}'
INSTALL_SCRIPT='${INSTALL}'
INSTALL_STRIP_PROGRAM='$(install_sh) -c -s'
LD='/usr/bin/ld -m elf_x86_64'
LDFLAGS=''
LIBOBJS=''
LIBS=''
LIBTOOL='$(SHELL) $(top_builddir)/libtool'
LIPO=''
LN_S='ln -s'
LTLIBOBJS=''
LT_SYS_LIBRARY_PATH=''
MAKEINFO='makeinfo'
MANIFEST_TOOL=':'
MKDIR_P='/usr/bin/mkdir -p'
NM='/usr/bin/nm -B'
NMEDIT=''
OBJDUMP='objdump'
OBJEXT='o'
OTOOL64=''
OTOOL=''
PACKAGE='chadwick'
PACKAGE_BUGREPORT=''
PACKAGE_NAME='chadwick'
PACKAGE_STRING='chadwick 0.10.0'
PACKAGE_TARNAME='chadwick'
PACKAGE_URL=''
PACKAGE_VERSION='0.10.0'
PATH_SEPARATOR=':'
RANLIB='ranlib'
SED='/usr/bin/sed'
SET_MAKE=''
SHELL='/bin/bash'
STRIP='strip'
VERSION='0.10.0'
ac_ct_AR='ar'
ac_ct_CC='gcc'
ac_ct_DUMPBIN=''
am__EXEEXT_FALSE=''
am__EXEEXT_TRUE='#'
am__fastdepCC_FALSE='#'
am__fastdepCC_TRUE=''
am__include='include'
am__isrc=''
am__leading_dot='.'
am__nodep='_no'
am__quote=''
am__tar='$${TAR-tar} chof - "$$tardir"'
am__untar='$${TAR-tar} xf -'
bindir='${exec_prefix}/bin'
build='x86_64-pc-linux-gnu'
build_alias=''
build_cpu='x86_64'
build_os='linux-gnu'
build_vendor='pc'
datadir='${datarootdir}'
datarootdir='${prefix}/share'
docdir='${datarootdir}/doc/${PACKAGE_TARNAME}'
dvidir='${docdir}'
exec_prefix='${prefix}'
host='x86_64-pc-linux-gnu'
host_alias=''
host_cpu='x86_64'
host_os='linux-gnu'
host_vendor='pc'
htmldir='${docdir}'
includedir='${prefix}/include'
infodir='${datarootdir}/info'
install_sh='${SHELL} /mnt/c/Users/joeye/OneDrive/Documents/retro/chadwick-0.10.0/install-sh'
libdir='${exec_prefix}/lib'
libexecdir='${exec_prefix}/libexec'
localedir='${datarootdir}/locale'
localstatedir='${prefix}/var'
mandir='${datarootdir}/man'
mkdir_p='$(MKDIR_P)'
oldincludedir='/usr/include'
pdfdir='${docdir}'
prefix='/usr/local'
program_transform_name='s,x,x,'
psdir='${docdir}'
runstatedir='${localstatedir}/run'
sbindir='${exec_prefix}/sbin'
sharedstatedir='${prefix}/com'
sysconfdir='${prefix}/etc'
target_alias=''

## ----------- ##
## confdefs.h. ##
## ----------- ##

/* confdefs.h */
#define PACKAGE_NAME "chadwick"
#define PACKAGE_TARNAME "chadwick"
#define PACKAGE_VERSION "0.10.0"
#define PACKAGE_STRING "chadwick 0.10.0"
#define PACKAGE_BUGREPORT ""
#define PACKAGE_URL ""
#define PACKAGE "chadwick"
#define VERSION "0.10.0"
#define HAVE_STDIO_H 1
#define HAVE_STDLIB_H 1
#define HAVE_STRING_H 1
#define HAVE_INTTYPES_H 1
#define HAVE_STDINT_H 1
#define HAVE_STRINGS_H 1
#define HAVE_SYS_STAT_H 1
#define HAVE_SYS_TYPES_H 1
#define HAVE_UNISTD_H 1
#define STDC_HEADERS 1
#define HAVE_DLFCN_H 1
#define LT_OBJDIR ".libs/"
#define HAVE_STRUCT_TM_TM_GMTOFF 1

configure: exit 0
